\BOOKMARK [0][-]{chapter.1}{\376\377\0001\000\040\000L\000a\000b\000\040\0004\000\040\000C\000o\000d\000e\000\040\000D\000o\000c\000u\000m\000e\000n\000t\000a\000t\000i\000o\000n}{}% 1
\BOOKMARK [0][-]{chapter.2}{\376\377\0002\000\040\000F\000i\000l\000e\000\040\000I\000n\000d\000e\000x}{}% 2
\BOOKMARK [1][-]{section.2.1}{\376\377\0002\000.\0001\000\040\000F\000i\000l\000e\000\040\000L\000i\000s\000t}{chapter.2}% 3
\BOOKMARK [0][-]{chapter.3}{\376\377\0003\000\040\000F\000i\000l\000e\000\040\000D\000o\000c\000u\000m\000e\000n\000t\000a\000t\000i\000o\000n}{}% 4
\BOOKMARK [1][-]{section.3.1}{\376\377\0003\000.\0001\000\040\000c\000u\000s\000t\000o\000m\000\137\000l\000a\000b\000\137\0004\000.\000i\000n\000o\000\040\000F\000i\000l\000e\000\040\000R\000e\000f\000e\000r\000e\000n\000c\000e}{chapter.3}% 5
\BOOKMARK [2][-]{subsection.3.1.1}{\376\377\0003\000.\0001\000.\0001\000\040\000D\000e\000t\000a\000i\000l\000e\000d\000\040\000D\000e\000s\000c\000r\000i\000p\000t\000i\000o\000n}{section.3.1}% 6
\BOOKMARK [2][-]{subsection.3.1.2}{\376\377\0003\000.\0001\000.\0002\000\040\000M\000a\000c\000r\000o\000\040\000D\000e\000f\000i\000n\000i\000t\000i\000o\000n\000\040\000D\000o\000c\000u\000m\000e\000n\000t\000a\000t\000i\000o\000n}{section.3.1}% 7
\BOOKMARK [3][-]{subsubsection.3.1.2.1}{\376\377\0003\000.\0001\000.\0002\000.\0001\000\040\000A}{subsection.3.1.2}% 8
\BOOKMARK [3][-]{subsubsection.3.1.2.2}{\376\377\0003\000.\0001\000.\0002\000.\0002\000\040\000B}{subsection.3.1.2}% 9
\BOOKMARK [3][-]{subsubsection.3.1.2.3}{\376\377\0003\000.\0001\000.\0002\000.\0003\000\040\000D\000e\000g\000r\000e\000e\000s\000P\000e\000r\000R\000e\000v}{subsection.3.1.2}% 10
\BOOKMARK [3][-]{subsubsection.3.1.2.4}{\376\377\0003\000.\0001\000.\0002\000.\0004\000\040\000d\000i\000r\000A}{subsection.3.1.2}% 11
\BOOKMARK [3][-]{subsubsection.3.1.2.5}{\376\377\0003\000.\0001\000.\0002\000.\0005\000\040\000d\000i\000r\000B}{subsection.3.1.2}% 12
\BOOKMARK [3][-]{subsubsection.3.1.2.6}{\376\377\0003\000.\0001\000.\0002\000.\0006\000\040\000D\000I\000S\000T\000A\000N\000C\000E\000\137\000S\000E\000G}{subsection.3.1.2}% 13
\BOOKMARK [3][-]{subsubsection.3.1.2.7}{\376\377\0003\000.\0001\000.\0002\000.\0007\000\040\000D\000i\000s\000t\000a\000n\000c\000e\000P\000e\000r\000R\000e\000v}{subsection.3.1.2}% 14
\BOOKMARK [3][-]{subsubsection.3.1.2.8}{\376\377\0003\000.\0001\000.\0002\000.\0008\000\040\000E\000n\000c\000o\000d\000e\000r\000C\000o\000u\000n\000t\000s\000P\000e\000r\000R\000e\000v}{subsection.3.1.2}% 15
\BOOKMARK [3][-]{subsubsection.3.1.2.9}{\376\377\0003\000.\0001\000.\0002\000.\0009\000\040\000E\000n\000c\000o\000d\000e\000r\000M\000o\000t\000o\000r\000L\000e\000f\000t}{subsection.3.1.2}% 16
\BOOKMARK [3][-]{subsubsection.3.1.2.10}{\376\377\0003\000.\0001\000.\0002\000.\0001\0000\000\040\000E\000n\000c\000o\000d\000e\000r\000M\000o\000t\000o\000r\000R\000i\000g\000h\000t}{subsection.3.1.2}% 17
\BOOKMARK [3][-]{subsubsection.3.1.2.11}{\376\377\0003\000.\0001\000.\0002\000.\0001\0001\000\040\000F\000O\000R\000W\000A\000R\000D}{subsection.3.1.2}% 18
\BOOKMARK [3][-]{subsubsection.3.1.2.12}{\376\377\0003\000.\0001\000.\0002\000.\0001\0002\000\040\000I\000N\0001}{subsection.3.1.2}% 19
\BOOKMARK [3][-]{subsubsection.3.1.2.13}{\376\377\0003\000.\0001\000.\0002\000.\0001\0003\000\040\000I\000N\0002}{subsection.3.1.2}% 20
\BOOKMARK [3][-]{subsubsection.3.1.2.14}{\376\377\0003\000.\0001\000.\0002\000.\0001\0004\000\040\000I\000N\0003}{subsection.3.1.2}% 21
\BOOKMARK [3][-]{subsubsection.3.1.2.15}{\376\377\0003\000.\0001\000.\0002\000.\0001\0005\000\040\000I\000N\0004}{subsection.3.1.2}% 22
\BOOKMARK [3][-]{subsubsection.3.1.2.16}{\376\377\0003\000.\0001\000.\0002\000.\0001\0006\000\040\000L\000E\000F\000T}{subsection.3.1.2}% 23
\BOOKMARK [3][-]{subsubsection.3.1.2.17}{\376\377\0003\000.\0001\000.\0002\000.\0001\0007\000\040\000p\000u\000s\000h\000B\000u\000t\000t\000o\000n}{subsection.3.1.2}% 24
\BOOKMARK [3][-]{subsubsection.3.1.2.18}{\376\377\0003\000.\0001\000.\0002\000.\0001\0008\000\040\000p\000w\000m\000A}{subsection.3.1.2}% 25
\BOOKMARK [3][-]{subsubsection.3.1.2.19}{\376\377\0003\000.\0001\000.\0002\000.\0001\0009\000\040\000p\000w\000m\000B}{subsection.3.1.2}% 26
\BOOKMARK [3][-]{subsubsection.3.1.2.20}{\376\377\0003\000.\0001\000.\0002\000.\0002\0000\000\040\000R\000I\000G\000H\000T}{subsection.3.1.2}% 27
\BOOKMARK [2][-]{subsection.3.1.3}{\376\377\0003\000.\0001\000.\0003\000\040\000F\000u\000n\000c\000t\000i\000o\000n\000\040\000D\000o\000c\000u\000m\000e\000n\000t\000a\000t\000i\000o\000n}{section.3.1}% 28
\BOOKMARK [3][-]{subsubsection.3.1.3.1}{\376\377\0003\000.\0001\000.\0003\000.\0001\000\040\000a\000d\000j\000u\000s\000t\000P\000W\000M\000\050\000\051}{subsection.3.1.3}% 29
\BOOKMARK [3][-]{subsubsection.3.1.3.2}{\376\377\0003\000.\0001\000.\0003\000.\0002\000\040\000c\000a\000l\000c\000u\000l\000a\000t\000e\000D\000e\000s\000i\000r\000e\000d\000C\000o\000u\000n\000t\000\050\000\051}{subsection.3.1.3}% 30
\BOOKMARK [3][-]{subsubsection.3.1.3.3}{\376\377\0003\000.\0001\000.\0003\000.\0003\000\040\000c\000a\000l\000c\000u\000l\000a\000t\000e\000D\000e\000s\000i\000r\000e\000d\000C\000o\000u\000n\000t\000T\000u\000r\000n\000\050\000\051}{subsection.3.1.3}% 31
\BOOKMARK [3][-]{subsubsection.3.1.3.4}{\376\377\0003\000.\0001\000.\0003\000.\0004\000\040\000c\000o\000n\000f\000i\000g\000u\000r\000e\000\050\000\051}{subsection.3.1.3}% 32
\BOOKMARK [3][-]{subsubsection.3.1.3.5}{\376\377\0003\000.\0001\000.\0003\000.\0005\000\040\000d\000r\000i\000v\000e\000\050\000\051}{subsection.3.1.3}% 33
\BOOKMARK [3][-]{subsubsection.3.1.3.6}{\376\377\0003\000.\0001\000.\0003\000.\0006\000\040\000d\000r\000i\000v\000e\000B\000a\000c\000k\000w\000a\000r\000d\000\050\000\051}{subsection.3.1.3}% 34
\BOOKMARK [3][-]{subsubsection.3.1.3.7}{\376\377\0003\000.\0001\000.\0003\000.\0007\000\040\000d\000r\000i\000v\000e\000F\000o\000r\000w\000a\000r\000d\000\050\000\051}{subsection.3.1.3}% 35
\BOOKMARK [3][-]{subsubsection.3.1.3.8}{\376\377\0003\000.\0001\000.\0003\000.\0008\000\040\000e\000x\000p\000l\000o\000r\000e\000\050\000\051}{subsection.3.1.3}% 36
\BOOKMARK [3][-]{subsubsection.3.1.3.9}{\376\377\0003\000.\0001\000.\0003\000.\0009\000\040\000i\000d\000l\000e\000\050\000\051}{subsection.3.1.3}% 37
\BOOKMARK [3][-]{subsubsection.3.1.3.10}{\376\377\0003\000.\0001\000.\0003\000.\0001\0000\000\040\000i\000n\000d\000e\000x\000L\000e\000f\000t\000E\000n\000c\000o\000d\000e\000r\000C\000o\000u\000n\000t\000\050\000\051}{subsection.3.1.3}% 38
\BOOKMARK [3][-]{subsubsection.3.1.3.11}{\376\377\0003\000.\0001\000.\0003\000.\0001\0001\000\040\000i\000n\000d\000e\000x\000R\000i\000g\000h\000t\000E\000n\000c\000o\000d\000e\000r\000C\000o\000u\000n\000t\000\050\000\051}{subsection.3.1.3}% 39
\BOOKMARK [3][-]{subsubsection.3.1.3.12}{\376\377\0003\000.\0001\000.\0003\000.\0001\0002\000\040\000l\000o\000o\000p\000\050\000\051}{subsection.3.1.3}% 40
\BOOKMARK [3][-]{subsubsection.3.1.3.13}{\376\377\0003\000.\0001\000.\0003\000.\0001\0003\000\040\000o\000p\000t\000i\000m\000i\000z\000e\000\050\000\051}{subsection.3.1.3}% 41
\BOOKMARK [3][-]{subsubsection.3.1.3.14}{\376\377\0003\000.\0001\000.\0003\000.\0001\0004\000\040\000r\000e\000a\000c\000t\000\137\000f\000o\000r\000w\000a\000r\000d\000\050\000\051}{subsection.3.1.3}% 42
\BOOKMARK [3][-]{subsubsection.3.1.3.15}{\376\377\0003\000.\0001\000.\0003\000.\0001\0005\000\040\000r\000e\000a\000c\000t\000\137\000l\000e\000f\000t\000\050\000\051}{subsection.3.1.3}% 43
\BOOKMARK [3][-]{subsubsection.3.1.3.16}{\376\377\0003\000.\0001\000.\0003\000.\0001\0006\000\040\000r\000e\000a\000c\000t\000\137\000r\000i\000g\000h\000t\000\050\000\051}{subsection.3.1.3}% 44
\BOOKMARK [3][-]{subsubsection.3.1.3.17}{\376\377\0003\000.\0001\000.\0003\000.\0001\0007\000\040\000r\000e\000a\000d\000D\000i\000s\000t\000a\000n\000c\000e\000\050\000\051}{subsection.3.1.3}% 45
\BOOKMARK [3][-]{subsubsection.3.1.3.18}{\376\377\0003\000.\0001\000.\0003\000.\0001\0008\000\040\000r\000e\000s\000e\000t\000P\000W\000M\000\050\000\051}{subsection.3.1.3}% 46
\BOOKMARK [3][-]{subsubsection.3.1.3.19}{\376\377\0003\000.\0001\000.\0003\000.\0001\0009\000\040\000s\000e\000t\000u\000p\000\050\000\051}{subsection.3.1.3}% 47
\BOOKMARK [3][-]{subsubsection.3.1.3.20}{\376\377\0003\000.\0001\000.\0003\000.\0002\0000\000\040\000t\000u\000r\000n\000L\000e\000f\000t\000\050\000\051}{subsection.3.1.3}% 48
\BOOKMARK [3][-]{subsubsection.3.1.3.21}{\376\377\0003\000.\0001\000.\0003\000.\0002\0001\000\040\000t\000u\000r\000n\000R\000i\000g\000h\000t\000\050\000\051}{subsection.3.1.3}% 49
\BOOKMARK [2][-]{subsection.3.1.4}{\376\377\0003\000.\0001\000.\0004\000\040\000V\000a\000r\000i\000a\000b\000l\000e\000\040\000D\000o\000c\000u\000m\000e\000n\000t\000a\000t\000i\000o\000n}{section.3.1}% 50
\BOOKMARK [3][-]{subsubsection.3.1.4.1}{\376\377\0003\000.\0001\000.\0004\000.\0001\000\040\000d\000e\000s\000i\000r\000e\000d\000C\000o\000u\000n\000t}{subsection.3.1.4}% 51
\BOOKMARK [3][-]{subsubsection.3.1.4.2}{\376\377\0003\000.\0001\000.\0004\000.\0002\000\040\000e\000c\000h\000o}{subsection.3.1.4}% 52
\BOOKMARK [3][-]{subsubsection.3.1.4.3}{\376\377\0003\000.\0001\000.\0004\000.\0003\000\040\000i\000r\000S\000e\000n\000s\000o\000r}{subsection.3.1.4}% 53
\BOOKMARK [3][-]{subsubsection.3.1.4.4}{\376\377\0003\000.\0001\000.\0004\000.\0004\000\040\000l\000e\000f\000t\000E\000n\000c\000o\000d\000e\000r\000C\000o\000u\000n\000t}{subsection.3.1.4}% 54
\BOOKMARK [3][-]{subsubsection.3.1.4.5}{\376\377\0003\000.\0001\000.\0004\000.\0005\000\040\000l\000e\000f\000t\000O\000u\000t\000p\000u\000t}{subsection.3.1.4}% 55
\BOOKMARK [3][-]{subsubsection.3.1.4.6}{\376\377\0003\000.\0001\000.\0004\000.\0006\000\040\000m\000i\000l\000l\000i\000S\000e\000c\000o\000n\000d\000s\000P\000e\000r\0009\0000\000D\000e\000g}{subsection.3.1.4}% 56
\BOOKMARK [3][-]{subsubsection.3.1.4.7}{\376\377\0003\000.\0001\000.\0004\000.\0007\000\040\000m\000o\000t\000o\000r\000L\000e\000f\000t\000\137\000P\000W\000M}{subsection.3.1.4}% 57
\BOOKMARK [3][-]{subsubsection.3.1.4.8}{\376\377\0003\000.\0001\000.\0004\000.\0008\000\040\000m\000o\000t\000o\000r\000R\000i\000g\000h\000t\000\137\000P\000W\000M}{subsection.3.1.4}% 58
\BOOKMARK [3][-]{subsubsection.3.1.4.9}{\376\377\0003\000.\0001\000.\0004\000.\0009\000\040\000m\000o\000v\000e\000L\000i\000s\000t}{subsection.3.1.4}% 59
\BOOKMARK [3][-]{subsubsection.3.1.4.10}{\376\377\0003\000.\0001\000.\0004\000.\0001\0000\000\040\000m\000o\000v\000e\000s\000C\000o\000u\000n\000t}{subsection.3.1.4}% 60
\BOOKMARK [3][-]{subsubsection.3.1.4.11}{\376\377\0003\000.\0001\000.\0004\000.\0001\0001\000\040\000o\000p\000t\000i\000m\000i\000z\000e\000d\000M\000o\000v\000e\000s}{subsection.3.1.4}% 61
\BOOKMARK [3][-]{subsubsection.3.1.4.12}{\376\377\0003\000.\0001\000.\0004\000.\0001\0002\000\040\000r\000i\000g\000h\000t\000E\000n\000c\000o\000d\000e\000r\000C\000o\000u\000n\000t}{subsection.3.1.4}% 62
\BOOKMARK [3][-]{subsubsection.3.1.4.13}{\376\377\0003\000.\0001\000.\0004\000.\0001\0003\000\040\000r\000i\000g\000h\000t\000O\000u\000t\000p\000u\000t}{subsection.3.1.4}% 63
\BOOKMARK [3][-]{subsubsection.3.1.4.14}{\376\377\0003\000.\0001\000.\0004\000.\0001\0004\000\040\000s\000i\000d\000e\000U\000S}{subsection.3.1.4}% 64
\BOOKMARK [3][-]{subsubsection.3.1.4.15}{\376\377\0003\000.\0001\000.\0004\000.\0001\0005\000\040\000t\000r\000i\000g}{subsection.3.1.4}% 65
\BOOKMARK [3][-]{subsubsection.3.1.4.16}{\376\377\0003\000.\0001\000.\0004\000.\0001\0006\000\040\000w\000a\000l\000l\000D\000i\000s\000t}{subsection.3.1.4}% 66
\BOOKMARK [1][-]{section.3.2}{\376\377\0003\000.\0002\000\040\000m\000o\000t\000o\000r\000s\000.\000i\000n\000o\000\040\000F\000i\000l\000e\000\040\000R\000e\000f\000e\000r\000e\000n\000c\000e}{chapter.3}% 67
\BOOKMARK [2][-]{subsection.3.2.1}{\376\377\0003\000.\0002\000.\0001\000\040\000F\000u\000n\000c\000t\000i\000o\000n\000\040\000D\000o\000c\000u\000m\000e\000n\000t\000a\000t\000i\000o\000n}{section.3.2}% 68
\BOOKMARK [3][-]{subsubsection.3.2.1.1}{\376\377\0003\000.\0002\000.\0001\000.\0001\000\040\000m\000o\000t\000o\000r\000\137\000s\000e\000t\000u\000p\000\050\000\051}{subsection.3.2.1}% 69
\BOOKMARK [3][-]{subsubsection.3.2.1.2}{\376\377\0003\000.\0002\000.\0001\000.\0002\000\040\000r\000u\000n\000\137\000m\000o\000t\000o\000r\000\050\000\051}{subsection.3.2.1}% 70
\BOOKMARK [0][-]{section*.6}{\376\377\000I\000n\000d\000e\000x}{}% 71
